VitalzApp/app/build/intermediates/manifest_merge_blame_file/debug/manifest-merger-blame-debug-report.txt
1<?xml version="1.0" encoding="utf-8"?>
2<manifest xmlns:android="http://schemas.android.com/apk/res/android"
3    package="com.technoidentity.vitalz"
4    android:versionCode="1"
5    android:versionName="1.0" >
6
7    <uses-sdk
8        android:minSdkVersion="23"
8-->src\main\AndroidManifest.xml
9        android:targetSdkVersion="30" />
9-->src\main\AndroidManifest.xml
10
11    <!-- Include required permissions for Google Maps API to run. -->
12    <uses-permission android:name="android.permission.ACCESS_NETWORK_STATE" />
12-->[com.google.android.gms:play-services-maps:17.0.0] AndroidManifest.xml:23:5-79
12-->[com.google.android.gms:play-services-maps:17.0.0] AndroidManifest.xml:23:22-76
13    <uses-permission android:name="android.permission.INTERNET" />
13-->[com.google.android.gms:play-services-maps:17.0.0] AndroidManifest.xml:24:5-67
13-->[com.google.android.gms:play-services-maps:17.0.0] AndroidManifest.xml:24:22-64
14
15    <uses-feature
15-->[com.google.android.gms:play-services-maps:17.0.0] AndroidManifest.xml:26:5-28:35
16        android:glEsVersion="0x00020000"
16-->[com.google.android.gms:play-services-maps:17.0.0] AndroidManifest.xml:27:9-41
17        android:required="true" />
17-->[com.google.android.gms:play-services-maps:17.0.0] AndroidManifest.xml:28:9-32
18
19    <application
19-->src\main\AndroidManifest.xml:5:5-30:19
20        android:allowBackup="true"
20-->src\main\AndroidManifest.xml:6:9-35
21        android:appComponentFactory="androidx.core.app.CoreComponentFactory"
21-->[androidx.core:core:1.3.2] AndroidManifest.xml:24:18-86
22        android:debuggable="true"
23        android:extractNativeLibs="false"
24        android:icon="@mipmap/ic_launcher"
24-->src\main\AndroidManifest.xml:7:9-43
25        android:label="@string/app_name"
25-->src\main\AndroidManifest.xml:8:9-41
26        android:roundIcon="@mipmap/ic_launcher_round"
26-->src\main\AndroidManifest.xml:9:9-54
27        android:supportsRtl="true"
27-->src\main\AndroidManifest.xml:10:9-35
28        android:testOnly="true"
29        android:theme="@style/Theme.VitalzApp" >
29-->src\main\AndroidManifest.xml:11:9-47
30        <activity android:name="com.technoidentity.vitalz.deice.DeviceActivity" />
30-->src\main\AndroidManifest.xml:12:9-67
30-->src\main\AndroidManifest.xml:12:19-55
31        <activity android:name="com.technoidentity.vitalz.add_device.AddDeviceActivity" />
31-->src\main\AndroidManifest.xml:13:9-66
31-->src\main\AndroidManifest.xml:13:19-63
32        <activity android:name="com.technoidentity.vitalz.otp_confirm.OtpConformActivity" />
32-->src\main\AndroidManifest.xml:14:9-68
32-->src\main\AndroidManifest.xml:14:19-65
33        <activity android:name="com.technoidentity.vitalz.request_otp.RequestOtpActivity" />
33-->src\main\AndroidManifest.xml:15:9-68
33-->src\main\AndroidManifest.xml:15:19-65
34        <activity android:name="com.technoidentity.vitalz.splash_screen.SplashScreenActivity" >
34-->src\main\AndroidManifest.xml:16:9-22:20
34-->src\main\AndroidManifest.xml:16:19-69
35            <intent-filter>
35-->src\main\AndroidManifest.xml:17:13-21:29
36                <action android:name="android.intent.action.MAIN" />
36-->src\main\AndroidManifest.xml:18:17-69
36-->src\main\AndroidManifest.xml:18:25-66
37
38                <category android:name="android.intent.category.LAUNCHER" />
38-->src\main\AndroidManifest.xml:20:17-77
38-->src\main\AndroidManifest.xml:20:27-74
39            </intent-filter>
40        </activity>
41        <activity android:name="com.technoidentity.vitalz.MainActivity" >
41-->src\main\AndroidManifest.xml:23:9-29:20
41-->src\main\AndroidManifest.xml:23:19-47
42            <intent-filter>
42-->src\main\AndroidManifest.xml:17:13-21:29
43                <action android:name="android.intent.action.MAIN" />
43-->src\main\AndroidManifest.xml:18:17-69
43-->src\main\AndroidManifest.xml:18:25-66
44
45                <category android:name="android.intent.category.LAUNCHER" />
45-->src\main\AndroidManifest.xml:20:17-77
45-->src\main\AndroidManifest.xml:20:27-74
46            </intent-filter>
47        </activity>
48
49        <provider
49-->[com.squareup.picasso:picasso:2.71828] AndroidManifest.xml:8:9-11:40
50            android:name="com.squareup.picasso.PicassoProvider"
50-->[com.squareup.picasso:picasso:2.71828] AndroidManifest.xml:9:13-64
51            android:authorities="com.technoidentity.vitalz.com.squareup.picasso"
51-->[com.squareup.picasso:picasso:2.71828] AndroidManifest.xml:10:13-72
52            android:exported="false" />
52-->[com.squareup.picasso:picasso:2.71828] AndroidManifest.xml:11:13-37
53
54        <service
54-->[androidx.room:room-runtime:2.2.6] AndroidManifest.xml:25:9-28:40
55            android:name="androidx.room.MultiInstanceInvalidationService"
55-->[androidx.room:room-runtime:2.2.6] AndroidManifest.xml:26:13-74
56            android:directBootAware="true"
56-->[androidx.room:room-runtime:2.2.6] AndroidManifest.xml:27:13-43
57            android:exported="false" /> <!-- Needs to be explicitly declared on P+ -->
57-->[androidx.room:room-runtime:2.2.6] AndroidManifest.xml:28:13-37
58        <uses-library
58-->[com.google.android.gms:play-services-maps:17.0.0] AndroidManifest.xml:33:9-35:40
59            android:name="org.apache.http.legacy"
59-->[com.google.android.gms:play-services-maps:17.0.0] AndroidManifest.xml:34:13-50
60            android:required="false" />
60-->[com.google.android.gms:play-services-maps:17.0.0] AndroidManifest.xml:35:13-37
61
62        <activity
62-->[com.google.android.gms:play-services-base:17.5.0] AndroidManifest.xml:23:9-26:75
63            android:name="com.google.android.gms.common.api.GoogleApiActivity"
63-->[com.google.android.gms:play-services-base:17.5.0] AndroidManifest.xml:24:13-79
64            android:exported="false"
64-->[com.google.android.gms:play-services-base:17.5.0] AndroidManifest.xml:25:13-37
65            android:theme="@android:style/Theme.Translucent.NoTitleBar" />
65-->[com.google.android.gms:play-services-base:17.5.0] AndroidManifest.xml:26:13-72
66
67        <meta-data
67-->[com.google.android.gms:play-services-basement:17.5.0] AndroidManifest.xml:23:9-25:69
68            android:name="com.google.android.gms.version"
68-->[com.google.android.gms:play-services-basement:17.5.0] AndroidManifest.xml:24:13-58
69            android:value="@integer/google_play_services_version" />
69-->[com.google.android.gms:play-services-basement:17.5.0] AndroidManifest.xml:25:13-66
70    </application>
71
72</manifest>